c:\users\usuario\source\repos\cplusplus_code\solutions\basics\x64\debug\vc141.pdb
c:\users\usuario\source\repos\cplusplus_code\solutions\basics\x64\debug\vc141.idb
c:\users\usuario\source\repos\cplusplus_code\solutions\basics\x64\debug\basics.obj
c:\users\usuario\source\repos\cplusplus_code\solutions\x64\debug\basics.pdb
c:\users\usuario\source\repos\cplusplus_code\solutions\basics\x64\debug\basics.tlog\cl.command.1.tlog
c:\users\usuario\source\repos\cplusplus_code\solutions\basics\x64\debug\basics.tlog\cl.read.1.tlog
c:\users\usuario\source\repos\cplusplus_code\solutions\basics\x64\debug\basics.tlog\cl.write.1.tlog
c:\users\usuario\source\repos\cplusplus_code\solutions\basics\x64\debug\basics.tlog\link-cvtres.read.1.tlog
c:\users\usuario\source\repos\cplusplus_code\solutions\basics\x64\debug\basics.tlog\link-cvtres.write.1.tlog
c:\users\usuario\source\repos\cplusplus_code\solutions\basics\x64\debug\basics.tlog\link-rc.read.1.tlog
c:\users\usuario\source\repos\cplusplus_code\solutions\basics\x64\debug\basics.tlog\link-rc.write.1.tlog
c:\users\usuario\source\repos\cplusplus_code\solutions\basics\x64\debug\basics.tlog\link.5824-cvtres.read.1.tlog
c:\users\usuario\source\repos\cplusplus_code\solutions\basics\x64\debug\basics.tlog\link.5824-cvtres.write.1.tlog
c:\users\usuario\source\repos\cplusplus_code\solutions\basics\x64\debug\basics.tlog\link.5824-rc.read.1.tlog
c:\users\usuario\source\repos\cplusplus_code\solutions\basics\x64\debug\basics.tlog\link.5824-rc.write.1.tlog
c:\users\usuario\source\repos\cplusplus_code\solutions\basics\x64\debug\basics.tlog\link.5824.read.1.tlog
c:\users\usuario\source\repos\cplusplus_code\solutions\basics\x64\debug\basics.tlog\link.5824.write.1.tlog
c:\users\usuario\source\repos\cplusplus_code\solutions\basics\x64\debug\basics.tlog\link.command.1.tlog
c:\users\usuario\source\repos\cplusplus_code\solutions\basics\x64\debug\basics.tlog\link.read.1.tlog
c:\users\usuario\source\repos\cplusplus_code\solutions\basics\x64\debug\basics.tlog\link.write.1.tlog
